[2025-01-22 19:07:44] [CAPTURA] Imagem capturada antes da atualização: 199352.jpg
[2025-01-22 19:07:44] [REQUISIÇÃO] Sincronização iniciada para SKU: 987654321. URL da imagem: http://darkgoldenrod-stinkbug-118617.hostingersite.com/wp-content/uploads/2024/11/199352.jpg
[2025-01-22 19:07:44] [ERRO] Erro na conexão com SKU 987654321: Não foi fornecido um URL válido.
[2025-01-22 19:33:13] [CAPTURA] Imagem capturada antes da atualização: 199352.jpg
[2025-01-22 19:33:13] [REQUISIÇÃO] Sincronização iniciada para SKU: 987654321. URL da imagem: https://darkgoldenrod-stinkbug-118617.hostingersite.com/wp-content/uploads/2024/11/199352.jpg
[2025-01-22 19:33:13] [ERRO] Erro na conexão com SKU 987654321: Não foi fornecido um URL válido.
[2025-01-22 19:51:50] [CAPTURA] Imagem capturada antes da atualização: 199352.jpg
[2025-01-22 19:51:50] [REQUISIÇÃO] Sincronização iniciada para SKU: 987654321. URL da imagem: https://darkgoldenrod-stinkbug-118617.hostingersite.com/wp-content/uploads/2024/11/199352.jpg
[2025-01-22 19:51:50] [DEBUG] URL da requisição: /wp-json/wc/v3/products?sku=987654321
[2025-01-22 19:51:50] [ERRO] Erro na conexão com SKU 987654321: Não foi fornecido um URL válido.
[2025-01-22 20:11:28] [CAPTURA] Imagem capturada antes da atualização: 199352.jpg
[2025-01-22 20:11:28] [REQUISIÇÃO] Sincronização iniciada para SKU: 987654321. URL da imagem: https://darkgoldenrod-stinkbug-118617.hostingersite.com/wp-content/uploads/2024/11/199352.jpg
[2025-01-22 20:11:28] [DEBUG] URL da requisição: /wp-json/wc/v3/products?sku=987654321
[2025-01-22 20:11:28] [ERRO] Erro na conexão com SKU 987654321: Não foi fornecido um URL válido.
[2025-01-23 17:56:44] [CAPTURA] Imagem capturada antes da atualização: 199352.jpg
[2025-01-23 17:56:44] [REQUISIÇÃO] Sincronização iniciada para SKU: 987654321. URL da imagem: https://darkgoldenrod-stinkbug-118617.hostingersite.com/wp-content/uploads/2024/11/199352.jpg
[2025-01-23 17:56:44] [DEBUG] URL da requisição: /wp-json/wc/v3/products?sku=987654321
[2025-01-23 17:56:44] [ERRO] Erro na conexão com SKU 987654321: Não foi fornecido um URL válido.
[2025-01-24 18:18:05] [CAPTURA] Imagem capturada antes da atualização: 199352.jpg
[2025-01-24 18:18:05] [REQUISIÇÃO] Sincronização iniciada para SKU: 987654321. URL da imagem: https://darkgoldenrod-stinkbug-118617.hostingersite.com/wp-content/uploads/2024/11/199352.jpg
[2025-01-24 18:18:05] [DEBUG] URL da requisição: /wp-json/wc/v3/products?sku=987654321
[2025-01-24 18:18:05] [ERRO] Erro na conexão com SKU 987654321: Não foi fornecido um URL válido.
[2025-01-24 18:20:34] [CAPTURA] Imagem capturada antes da atualização: 199352.jpg
[2025-01-24 18:20:34] [REQUISIÇÃO] Sincronização iniciada para SKU: 987654321. URL da imagem: https://darkgoldenrod-stinkbug-118617.hostingersite.com/wp-content/uploads/2024/11/199352.jpg
[2025-01-24 18:20:34] [DEBUG] URL da requisição: /wp-json/wc/v3/products?sku=987654321
[2025-01-24 18:20:34] [ERRO] Erro na conexão com SKU 987654321: Não foi fornecido um URL válido.
[2025-01-24 18:21:44] [CAPTURA] Imagem capturada antes da atualização: 199352.jpg
[2025-01-24 18:21:44] [REQUISIÇÃO] Sincronização iniciada para SKU: 987654321. URL da imagem: https://darkgoldenrod-stinkbug-118617.hostingersite.com/wp-content/uploads/2024/11/199352.jpg
[2025-01-24 18:21:44] [DEBUG] URL da requisição: /wp-json/wc/v3/products?sku=987654321
[2025-01-24 18:21:44] [ERRO] Erro na conexão com SKU 987654321: Não foi fornecido um URL válido.
[2025-01-24 18:24:22] [CAPTURA] Imagem capturada antes da atualização: 199352.jpg
[2025-01-24 18:24:22] [REQUISIÇÃO] Sincronização iniciada para SKU: 987654321. URL da imagem: https://darkgoldenrod-stinkbug-118617.hostingersite.com/wp-content/uploads/2024/11/199352.jpg
[2025-01-24 18:24:22] [DEBUG] URL da requisição: /wp-json/wc/v3/products?sku=987654321
[2025-01-24 18:24:22] [ERRO] Erro na conexão com SKU 987654321: Não foi fornecido um URL válido.
[2025-01-24 18:24:25] [CAPTURA] Imagem capturada antes da atualização: 199352.jpg
[2025-01-24 18:24:25] [REQUISIÇÃO] Sincronização iniciada para SKU: 987654321. URL da imagem: https://darkgoldenrod-stinkbug-118617.hostingersite.com/wp-content/uploads/2024/11/199352.jpg
[2025-01-24 18:24:25] [DEBUG] URL da requisição: /wp-json/wc/v3/products?sku=987654321
[2025-01-24 18:24:25] [ERRO] Erro na conexão com SKU 987654321: Não foi fornecido um URL válido.
[2025-01-24 20:36:32] [CAPTURA] Imagem capturada antes da atualização: 199352.jpg
[2025-01-24 20:36:32] [REQUISIÇÃO] Sincronização iniciada para SKU: 987654321. URL da imagem: https://darkgoldenrod-stinkbug-118617.hostingersite.com/wp-content/uploads/2024/11/199352.jpg
[2025-01-24 20:36:32] [ERRO] URL base inválida ou vazia: NULO
